#-----------------------------------------------------------
# Vivado v2019.2 (64-bit)
# SW Build 2708876 on Wed Nov  6 21:40:23 MST 2019
# IP Build 2700528 on Thu Nov  7 00:09:20 MST 2019
# Start of session at: Tue Jun  2 17:50:07 2020
# Process ID: 18388
# Current directory: C:/Users/chlwl/Desktop/Pipelined_MIPS
# Command line: vivado.exe -gui_launcher_event rodinguilauncherevent15636 C:\Users\chlwl\Desktop\Pipelined_MIPS\Pipelined_MIPS.xpr
# Log file: C:/Users/chlwl/Desktop/Pipelined_MIPS/vivado.log
# Journal file: C:/Users/chlwl/Desktop/Pipelined_MIPS\vivado.jou
#-----------------------------------------------------------
start_gui
open_project C:/Users/chlwl/Desktop/Pipelined_MIPS/Pipelined_MIPS.xpr
INFO: [Project 1-313] Project file moved from 'D:/Xilinx/Project/Pipelined_MIPS' since last save.
Scanning sources...
Finished scanning sources
INFO: [IP_Flow 19-234] Refreshing IP repositories
INFO: [IP_Flow 19-1704] No user IP repositories specified
INFO: [IP_Flow 19-2313] Loaded Vivado IP repository 'D:/Xilinx/Vivado/2019.2/data/ip'.
open_project: Time (s): cpu = 00:00:27 ; elapsed = 00:00:46 . Memory (MB): peak = 826.723 ; gain = 227.145
exit
INFO: [Common 17-206] Exiting Vivado at Tue Jun  2 17:51:51 2020...
