#-----------------------------------------------------------
# Vivado v2019.2 (64-bit)
# SW Build 2708876 on Wed Nov  6 21:40:23 MST 2019
# IP Build 2700528 on Thu Nov  7 00:09:20 MST 2019
# Start of session at: Sun May 17 14:34:52 2020
# Process ID: 6748
# Current directory: C:/Users/chlwl/Desktop/MultiCycle_MIPS
# Command line: vivado.exe -gui_launcher_event rodinguilauncherevent16364 C:\Users\chlwl\Desktop\MultiCycle_MIPS\MultiCycle_MIPS.xpr
# Log file: C:/Users/chlwl/Desktop/MultiCycle_MIPS/vivado.log
# Journal file: C:/Users/chlwl/Desktop/MultiCycle_MIPS\vivado.jou
#-----------------------------------------------------------
start_gui
open_project C:/Users/chlwl/Desktop/MultiCycle_MIPS/MultiCycle_MIPS.xpr
INFO: [Project 1-313] Project file moved from 'D:/Xilinx/Project/MultiCycle_MIPS' since last save.
Scanning sources...
Finished scanning sources
INFO: [IP_Flow 19-234] Refreshing IP repositories
INFO: [IP_Flow 19-1704] No user IP repositories specified
INFO: [IP_Flow 19-2313] Loaded Vivado IP repository 'D:/Xilinx/Vivado/2019.2/data/ip'.
open_project: Time (s): cpu = 00:00:34 ; elapsed = 00:00:27 . Memory (MB): peak = 874.859 ; gain = 210.938
exit
INFO: [Common 17-206] Exiting Vivado at Sun May 17 19:50:07 2020...
